# JRE version: OpenJDK Runtime Environment (8.0_144-b01) (build 1.8.0_144-b01)
# Java VM: OpenJDK 64-Bit Server VM (25.144-b01 mixed mode linux-amd64 compressed oops)
Heap:
 PSYoungGen      total 147456K, used 146983K [0x00000000d7300000, 0x00000000e3100000, 0x0000000100000000)
  eden space 133632K, 100% used [0x00000000d7300000,0x00000000df580000,0x00000000df580000)
  from space 13824K, 96% used [0x00000000df580000,0x00000000e0289ec0,0x00000000e0300000)
  to   space 14848K, 69% used [0x00000000e2280000,0x00000000e2c8e0c0,0x00000000e3100000)
 ParOldGen       total 101376K, used 22810K [0x0000000085800000, 0x000000008bb00000, 0x00000000d7300000)
  object space 101376K, 22% used [0x0000000085800000,0x0000000086e46940,0x000000008bb00000)
 Metaspace       used 50019K, capacity 50616K, committed 50944K, reserved 1093632K
  class space    used 6241K, capacity 6378K, committed 6400K, reserved 1048576K
GC Heap History (10 events):
Event: 2.561 GC heap after
Heap after GC invocations=7 (full 1):
 PSYoungGen      total 101376K, used 7249K [0x00000000d7300000, 0x00000000dfe80000, 0x0000000100000000)
  eden space 93696K, 0% used [0x00000000d7300000,0x00000000d7300000,0x00000000dce80000)
  from space 7680K, 94% used [0x00000000df700000,0x00000000dfe147b0,0x00000000dfe80000)
  to   space 8192K, 0% used [0x00000000dee80000,0x00000000dee80000,0x00000000df680000)
 ParOldGen       total 58368K, used 8229K [0x0000000085800000, 0x0000000089100000, 0x00000000d7300000)
  object space 58368K, 14% used [0x0000000085800000,0x0000000086009598,0x0000000089100000)
 Metaspace       used 25352K, capacity 25718K, committed 26112K, reserved 1073152K
  class space    used 3091K, capacity 3203K, committed 3328K, reserved 1048576K
}
Event: 3.111 GC heap before
{Heap before GC invocations=8 (full 1):
 PSYoungGen      total 101376K, used 100945K [0x00000000d7300000, 0x00000000dfe80000, 0x0000000100000000)
  eden space 93696K, 100% used [0x00000000d7300000,0x00000000dce80000,0x00000000dce80000)
  from space 7680K, 94% used [0x00000000df700000,0x00000000dfe147b0,0x00000000dfe80000)
  to   space 8192K, 0% used [0x00000000dee80000,0x00000000dee80000,0x00000000df680000)
 ParOldGen       total 58368K, used 8229K [0x0000000085800000, 0x0000000089100000, 0x00000000d7300000)
  object space 58368K, 14% used [0x0000000085800000,0x0000000086009598,0x0000000089100000)
 Metaspace       used 28536K, capacity 28892K, committed 29184K, reserved 1075200K
  class space    used 3468K, capacity 3556K, committed 3584K, reserved 1048576K
Event: 3.122 GC heap after
Heap after GC invocations=8 (full 1):
 PSYoungGen      total 134656K, used 8182K [0x00000000d7300000, 0x00000000e0d80000, 0x0000000100000000)
  eden space 126464K, 0% used [0x00000000d7300000,0x00000000d7300000,0x00000000dee80000)
  from space 8192K, 99% used [0x00000000dee80000,0x00000000df67d9b0,0x00000000df680000)
  to   space 10752K, 0% used [0x00000000e0300000,0x00000000e0300000,0x00000000e0d80000)
 ParOldGen       total 58368K, used 12119K [0x0000000085800000, 0x0000000089100000, 0x00000000d7300000)
  object space 58368K, 20% used [0x0000000085800000,0x00000000863d5fb8,0x0000000089100000)
 Metaspace       used 28536K, capacity 28892K, committed 29184K, reserved 1075200K
  class space    used 3468K, capacity 3556K, committed 3584K, reserved 1048576K
}
Event: 6.039 GC heap before
{Heap before GC invocations=9 (full 1):
 PSYoungGen      total 134656K, used 71958K [0x00000000d7300000, 0x00000000e0d80000, 0x0000000100000000)
  eden space 126464K, 50% used [0x00000000d7300000,0x00000000db148078,0x00000000dee80000)
  from space 8192K, 99% used [0x00000000dee80000,0x00000000df67d9b0,0x00000000df680000)
  to   space 10752K, 0% used [0x00000000e0300000,0x00000000e0300000,0x00000000e0d80000)
 ParOldGen       total 58368K, used 12119K [0x0000000085800000, 0x0000000089100000, 0x00000000d7300000)
  object space 58368K, 20% used [0x0000000085800000,0x00000000863d5fb8,0x0000000089100000)
 Metaspace       used 34922K, capacity 35278K, committed 35456K, reserved 1081344K
  class space    used 4321K, capacity 4423K, committed 4480K, reserved 1048576K
Event: 6.050 GC heap after
Heap after GC invocations=9 (full 1):
 PSYoungGen      total 144384K, used 10736K [0x00000000d7300000, 0x00000000e3b00000, 0x0000000100000000)
  eden space 133632K, 0% used [0x00000000d7300000,0x00000000d7300000,0x00000000df580000)
  from space 10752K, 99% used [0x00000000e0300000,0x00000000e0d7c128,0x00000000e0d80000)
  to   space 13824K, 0% used [0x00000000df580000,0x00000000df580000,0x00000000e0300000)
 ParOldGen       total 58368K, used 16309K [0x0000000085800000, 0x0000000089100000, 0x00000000d7300000)
  object space 58368K, 27% used [0x0000000085800000,0x00000000867ed4a8,0x0000000089100000)
 Metaspace       used 34922K, capacity 35278K, committed 35456K, reserved 1081344K
  class space    used 4321K, capacity 4423K, committed 4480K, reserved 1048576K
}
Event: 6.050 GC heap before
{Heap before GC invocations=10 (full 2):
 PSYoungGen      total 144384K, used 10736K [0x00000000d7300000, 0x00000000e3b00000, 0x0000000100000000)
  eden space 133632K, 0% used [0x00000000d7300000,0x00000000d7300000,0x00000000df580000)
  from space 10752K, 99% used [0x00000000e0300000,0x00000000e0d7c128,0x00000000e0d80000)
  to   space 13824K, 0% used [0x00000000df580000,0x00000000df580000,0x00000000e0300000)
 ParOldGen       total 58368K, used 16309K [0x0000000085800000, 0x0000000089100000, 0x00000000d7300000)
  object space 58368K, 27% used [0x0000000085800000,0x00000000867ed4a8,0x0000000089100000)
 Metaspace       used 34922K, capacity 35278K, committed 35456K, reserved 1081344K
  class space    used 4321K, capacity 4423K, committed 4480K, reserved 1048576K
Event: 6.130 GC heap after
Heap after GC invocations=10 (full 2):
 PSYoungGen      total 144384K, used 0K [0x00000000d7300000, 0x00000000e3b00000, 0x0000000100000000)
  eden space 133632K, 0% used [0x00000000d7300000,0x00000000d7300000,0x00000000df580000)
  from space 10752K, 0% used [0x00000000e0300000,0x00000000e0300000,0x00000000e0d80000)
  to   space 13824K, 0% used [0x00000000df580000,0x00000000df580000,0x00000000e0300000)
 ParOldGen       total 101376K, used 22794K [0x0000000085800000, 0x000000008bb00000, 0x00000000d7300000)
  object space 101376K, 22% used [0x0000000085800000,0x0000000086e42940,0x000000008bb00000)
 Metaspace       used 34922K, capacity 35278K, committed 35456K, reserved 1081344K
  class space    used 4321K, capacity 4423K, committed 4480K, reserved 1048576K
}
Event: 26.511 GC heap before
{Heap before GC invocations=11 (full 2):
 PSYoungGen      total 144384K, used 133632K [0x00000000d7300000, 0x00000000e3b00000, 0x0000000100000000)
  eden space 133632K, 100% used [0x00000000d7300000,0x00000000df580000,0x00000000df580000)
  from space 10752K, 0% used [0x00000000e0300000,0x00000000e0300000,0x00000000e0d80000)
  to   space 13824K, 0% used [0x00000000df580000,0x00000000df580000,0x00000000e0300000)
 ParOldGen       total 101376K, used 22794K [0x0000000085800000, 0x000000008bb00000, 0x00000000d7300000)
  object space 101376K, 22% used [0x0000000085800000,0x0000000086e42940,0x000000008bb00000)
 Metaspace       used 43937K, capacity 44380K, committed 44544K, reserved 1087488K
  class space    used 5504K, capacity 5620K, committed 5632K, reserved 1048576K
Event: 26.526 GC heap after
Heap after GC invocations=11 (full 2):
 PSYoungGen      total 147456K, used 13351K [0x00000000d7300000, 0x00000000e3100000, 0x0000000100000000)
  eden space 133632K, 0% used [0x00000000d7300000,0x00000000d7300000,0x00000000df580000)
  from space 13824K, 96% used [0x00000000df580000,0x00000000e0289ec0,0x00000000e0300000)
  to   space 14848K, 0% used [0x00000000e2280000,0x00000000e2280000,0x00000000e3100000)
 ParOldGen       total 101376K, used 22802K [0x0000000085800000, 0x000000008bb00000, 0x00000000d7300000)
  object space 101376K, 22% used [0x0000000085800000,0x0000000086e44940,0x000000008bb00000)
 Metaspace       used 43937K, capacity 44380K, committed 44544K, reserved 1087488K
  class space    used 5504K, capacity 5620K, committed 5632K, reserved 1048576K
}
Event: 64.678 GC heap before
{Heap before GC invocations=12 (full 2):
 PSYoungGen      total 147456K, used 146983K [0x00000000d7300000, 0x00000000e3100000, 0x0000000100000000)
  eden space 133632K, 100% used [0x00000000d7300000,0x00000000df580000,0x00000000df580000)
  from space 13824K, 96% used [0x00000000df580000,0x00000000e0289ec0,0x00000000e0300000)
  to   space 14848K, 0% used [0x00000000e2280000,0x00000000e2280000,0x00000000e3100000)
 ParOldGen       total 101376K, used 22802K [0x0000000085800000, 0x000000008bb00000, 0x00000000d7300000)
  object space 101376K, 22% used [0x0000000085800000,0x0000000086e44940,0x000000008bb00000)
 Metaspace       used 50019K, capacity 50616K, committed 50944K, reserved 1093632K
  class space    used 6241K, capacity 6378K, committed 6400K, reserved 1048576K

